[35m[1mScanning dependencies of target socketToRos[0m
[  0%] Built target std_msgs_generate_messages_py
[  0%] Built target std_msgs_generate_messages_nodejs
[ 11%] [32mBuilding CXX object CMakeFiles/socketToRos.dir/socketToRosMain.cpp.o[0m
[ 11%] Built target std_msgs_generate_messages_eus
[ 11%] Built target std_msgs_generate_messages_lisp
[ 11%] Built target _socketToRosPkg_generate_messages_check_deps_float64_header
[ 11%] Built target std_msgs_generate_messages_cpp
[ 33%] Built target socketToRosPkg_generate_messages_py
[ 44%] Built target socketToRosPkg_generate_messages_nodejs
[ 55%] Built target socketToRosPkg_generate_messages_lisp
[ 77%] Built target socketToRosPkg_generate_messages_eus
[ 88%] Built target socketToRosPkg_generate_messages_cpp
[ 88%] Built target socketToRosPkg_generate_messages
[01m[K/home/mgehrig2/git_repos/socketToRos/catkin_ws/src/socketToRosPkg/socketToRosMain.cpp:2:37:[m[K [01;31m[Kfatal error: [m[Kstd_msgs/float64_header.h: No such file or directory
compilation terminated.
CMakeFiles/socketToRos.dir/build.make:62: recipe for target 'CMakeFiles/socketToRos.dir/socketToRosMain.cpp.o' failed
make[2]: *** [CMakeFiles/socketToRos.dir/socketToRosMain.cpp.o] Error 1
make[1]: *** [CMakeFiles/socketToRos.dir/all] Error 2
CMakeFiles/Makefile2:519: recipe for target 'CMakeFiles/socketToRos.dir/all' failed
Makefile:138: recipe for target 'all' failed
make: *** [all] Error 2
